TN:
SF:src\index.js
FN:16,(anonymous_1)
FN:17,(anonymous_2)
FN:21,(anonymous_3)
FN:23,(anonymous_4)
FNF:4
FNH:2
FNDA:0,(anonymous_1)
FNDA:1,(anonymous_2)
FNDA:0,(anonymous_3)
FNDA:1,(anonymous_4)
DA:1,1
DA:2,1
DA:3,1
DA:4,1
DA:5,1
DA:7,1
DA:8,1
DA:10,1
DA:11,1
DA:12,1
DA:13,1
DA:15,1
DA:16,1
DA:17,1
DA:19,1
DA:20,1
DA:21,1
DA:23,1
DA:25,1
LF:19
LH:19
BRF:0
BRH:0
end_of_record
TN:
SF:src\controllers\jobController.js
FN:19,_callee
FNF:1
FNH:1
FNDA:5,_callee
DA:1,1
DA:3,1
DA:4,1
DA:5,1
DA:19,25
DA:21,1
DA:22,1
DA:23,1
DA:25,1
DA:26,1
DA:29,0
DA:33,1
DA:34,1
DA:36,0
DA:42,1
LF:15
LH:13
BRDA:19,0,0,1
BRDA:19,0,1,1
BRDA:19,0,2,1
BRDA:19,0,3,1
BRDA:19,0,4,1
BRDA:19,0,5,0
BRDA:19,0,6,1
BRDA:19,0,7,1
BRDA:19,1,0,1
BRDA:19,1,1,0
BRF:10
BRH:8
end_of_record
TN:
SF:src\helpers\jobHelper.js
FN:14,_callee
FN:23,_callee2
FNF:2
FNH:2
FNDA:4,_callee
FNDA:4,_callee2
DA:1,1
DA:14,11
DA:15,1
DA:23,11
DA:24,1
DA:29,1
LF:6
LH:6
BRDA:14,0,0,1
BRDA:14,0,1,1
BRDA:14,0,2,0
BRDA:14,0,3,1
BRDA:23,1,0,1
BRDA:23,1,1,1
BRDA:23,1,2,0
BRDA:23,1,3,1
BRF:8
BRH:6
end_of_record
TN:
SF:src\helpers\paginateHelper.js
FN:12,paginateData
FNF:1
FNH:1
FNDA:1,paginateData
DA:12,1
DA:13,1
DA:14,1
DA:15,1
DA:16,1
DA:17,1
DA:18,1
DA:24,1
LF:8
LH:8
BRDA:14,0,0,1
BRDA:14,0,1,1
BRDA:15,1,0,1
BRDA:15,1,1,1
BRF:4
BRH:4
end_of_record
TN:
SF:src\helpers\responseHelper.js
FN:15,handleSuccess
FN:28,handleError
FN:39,response
FNF:3
FNH:2
FNDA:1,handleSuccess
FNDA:0,handleError
FNDA:1,response
DA:16,1
DA:17,1
DA:18,1
DA:19,1
DA:29,0
DA:30,0
DA:31,0
DA:40,1
DA:41,1
DA:47,0
DA:54,1
LF:11
LH:7
BRDA:40,0,0,1
BRDA:40,0,1,0
BRF:2
BRH:1
end_of_record
TN:
SF:src\middlewares\paginateMiddleware.js
FN:14,paginateData
FNF:1
FNH:1
FNDA:1,paginateData
DA:1,1
DA:2,1
DA:15,1
DA:16,1
DA:17,1
DA:18,0
DA:22,1
DA:23,0
DA:29,1
DA:30,1
DA:31,1
DA:33,0
DA:34,0
DA:38,1
LF:14
LH:10
BRDA:17,0,0,0
BRDA:17,0,1,1
BRDA:22,1,0,0
BRDA:22,1,1,1
BRDA:30,2,0,1
BRDA:30,2,1,0
BRF:6
BRH:3
end_of_record
TN:
SF:src\models\jobSchema.js
FNF:0
FNH:0
DA:1,1
DA:3,1
DA:4,1
DA:17,1
LF:4
LH:4
BRF:0
BRH:0
end_of_record
TN:
SF:src\routes\index.js
FNF:0
FNH:0
DA:1,1
DA:2,1
DA:4,1
DA:5,1
DA:7,1
LF:5
LH:5
BRF:0
BRH:0
end_of_record
TN:
SF:src\routes\jobRoute.js
FNF:0
FNH:0
DA:1,1
DA:2,1
DA:3,1
DA:5,1
DA:6,1
DA:9,1
LF:6
LH:6
BRF:0
BRH:0
end_of_record
